<?xml version="1.0" encoding="UTF-8"?>
<!-- Generated by org.testng.reporters.JUnitReportReporter -->
<testsuite skipped="0" hostname="DESKTOP-K1LJIP1" name="Muthu.Test.GmailFunctionality" tests="2" failures="0" timestamp="05 Nov 2019 16:44:48 GMT" time="20.290" errors="0">
  <testcase name="PostLogin" time="12.843" classname="Muthu.Test.GmailFunctionality"/>
  <testcase name="Login" time="7.447" classname="Muthu.Test.GmailFunctionality"/>
</testsuite> <!-- Muthu.Test.GmailFunctionality -->
