<?xml version="1.0" encoding="UTF-8"?>
<!-- Generated by org.testng.reporters.JUnitReportReporter -->
<testsuite skipped="0" hostname="DESKTOP-K1LJIP1" name="Muthu.Test.GmailFunctionality" tests="2" failures="0" timestamp="13 Oct 2019 04:16:46 GMT" time="28.808" errors="0">
  <testcase name="PostLogin" time="23.510" classname="Muthu.Test.GmailFunctionality"/>
  <testcase name="Login" time="5.298" classname="Muthu.Test.GmailFunctionality"/>
</testsuite> <!-- Muthu.Test.GmailFunctionality -->
